Arguments: 
  /usr/local/lib/node_modules/node/bin/node /usr/local/bin/yarn add falktale

PATH: 
  /Users/chenkai/.rvm/gems/ruby-2.3.1/bin:/Users/chenkai/.rvm/gems/ruby-2.3.1@global/bin:/Users/chenkai/.rvm/rubies/ruby-2.3.1/bin:/Users/chenkai/.cargo/bin:/usr/local/bin:/usr/bin:/bin:/usr/sbin:/sbin:/usr/local/go/bin:/usr/local/share/dotnet:export path=/Users/chenkai/Desktop/blockchain/eos/build/programs/cleos:${PATH}:~/.dotnet/tools:/Library/Frameworks/Mono.framework/Versions/Current/Commands:/Applications/Xamarin Workbooks.app/Contents/SharedSupport/path-bin:/Users/chenkai/.rvm/gems/ruby-2.3.1/bin:/Users/chenkai/.rvm/gems/ruby-2.3.1@global/bin:/Users/chenkai/.rvm/rubies/ruby-2.3.1/bin:/Users/chenkai/.cargo/bin:/Users/chenkai/.rvm/gems/ruby-2.3.1/bin:/Users/chenkai/.rvm/gems/ruby-2.3.1@global/bin:/Users/chenkai/.rvm/rubies/ruby-2.3.1/bin:/Users/chenkai/.cargo/bin:/usr/local/bin:/usr/bin:/bin:/usr/sbin:/sbin:/usr/local/go/bin:/usr/local/share/dotnet:export path=/Users/chenkai/Desktop/blockchain/eos/build/programs/cleos:${PATH}:~/.dotnet/tools:/Library/Frameworks/Mono.framework/Versions/Current/Commands:/Applications/Xamarin Workbooks.app/Contents/SharedSupport/path-bin:/Users/chenkai/.rvm/bin:/Users/chenkai/.rvm/bin

Yarn version: 
  1.12.3

Node version: 
  13.12.0

Platform: 
  darwin x64

Trace: 
  Error: https://registry.npm.taobao.org/falktale: Not found
      at Request.params.callback [as _callback] (/usr/local/lib/node_modules/yarn/lib/cli.js:65894:18)
      at Request.self.callback (/usr/local/lib/node_modules/yarn/lib/cli.js:129018:22)
      at Request.emit (events.js:315:20)
      at Request.<anonymous> (/usr/local/lib/node_modules/yarn/lib/cli.js:129990:10)
      at Request.emit (events.js:315:20)
      at IncomingMessage.<anonymous> (/usr/local/lib/node_modules/yarn/lib/cli.js:129912:12)
      at Object.onceWrapper (events.js:421:28)
      at IncomingMessage.emit (events.js:327:22)
      at endReadableNT (_stream_readable.js:1201:12)
      at processTicksAndRejections (internal/process/task_queues.js:84:21)

npm manifest: 
  {
    "name": "code",
    "version": "1.0.0",
    "main": "app.js",
    "license": "MIT",
    "dependencies": {
      "lodash": "^4.17.15"
    }
  }

yarn manifest: 
  No manifest

Lockfile: 
  # THIS IS AN AUTOGENERATED FILE. DO NOT EDIT THIS FILE DIRECTLY.
  # yarn lockfile v1
  
  
  lodash@^4.17.15:
    version "4.17.15"
    resolved "https://registry.npm.taobao.org/lodash/download/lodash-4.17.15.tgz#b447f6670a0455bbfeedd11392eff330ea097548"
    integrity sha1-tEf2ZwoEVbv+7dETku/zMOoJdUg=
